nohup: ignoring input
pybullet build time: Jan 29 2025 23:19:57
R_a=0.001_b=0.001_g=0.95_t=0.01
Episode 0, last 100 avg, bd score 27.8, r score -27.8
Episode 100, last 100 avg, bd score -139.9, r score 139.9
Episode 200, last 100 avg, bd score -130.7, r score 130.7
Episode 300, last 100 avg, bd score -133.6, r score 133.6
Episode 400, last 100 avg, bd score -142.4, r score 142.4
Episode 500, last 100 avg, bd score -131.3, r score 131.3
Episode 600, last 100 avg, bd score -139.0, r score 139.0
Episode 700, last 100 avg, bd score -147.6, r score 147.6
Episode 800, last 100 avg, bd score -141.5, r score 141.5
Episode 900, last 100 avg, bd score -137.2, r score 137.2
Episode 1000, last 100 avg, bd score -155.7, r score 155.7
Episode 1100, last 100 avg, bd score -158.5, r score 158.5
Episode 1200, last 100 avg, bd score -166.5, r score 166.5
Episode 1300, last 100 avg, bd score -153.3, r score 153.3
Episode 1400, last 100 avg, bd score -134.6, r score 134.6
Episode 1500, last 100 avg, bd score -145.5, r score 145.5
Episode 1600, last 100 avg, bd score -139.6, r score 139.6
Episode 1700, last 100 avg, bd score -122.1, r score 122.1
Episode 1800, last 100 avg, bd score -116.9, r score 116.9
Episode 1900, last 100 avg, bd score -109.4, r score 109.4
Episode 2000, last 100 avg, bd score -89.7, r score 89.7
Episode 2100, last 100 avg, bd score -105.0, r score 105.0
Episode 2200, last 100 avg, bd score -104.5, r score 104.5
Episode 2300, last 100 avg, bd score -133.5, r score 133.5
Episode 2400, last 100 avg, bd score -128.1, r score 128.1
Episode 2500, last 100 avg, bd score -127.2, r score 127.2
Episode 2600, last 100 avg, bd score -126.8, r score 126.8
Episode 2700, last 100 avg, bd score -114.4, r score 114.4
Episode 2800, last 100 avg, bd score -127.0, r score 127.0
Episode 2900, last 100 avg, bd score -123.9, r score 123.9
Episode 3000, last 100 avg, bd score -127.7, r score 127.7
Episode 3100, last 100 avg, bd score -147.1, r score 147.1
Episode 3200, last 100 avg, bd score -130.3, r score 130.3
Episode 3300, last 100 avg, bd score -137.6, r score 137.6
Episode 3400, last 100 avg, bd score -111.8, r score 111.8
Episode 3500, last 100 avg, bd score -108.1, r score 108.1
Episode 3600, last 100 avg, bd score -119.2, r score 119.2
Episode 3700, last 100 avg, bd score -122.1, r score 122.1
Episode 3800, last 100 avg, bd score -126.6, r score 126.6
Episode 3900, last 100 avg, bd score -134.3, r score 134.3
Episode 4000, last 100 avg, bd score -140.0, r score 140.0
Episode 4100, last 100 avg, bd score -137.7, r score 137.7
Episode 4200, last 100 avg, bd score -152.8, r score 152.8
Episode 4300, last 100 avg, bd score -142.0, r score 142.0
Episode 4400, last 100 avg, bd score -155.2, r score 155.2
Episode 4500, last 100 avg, bd score -148.3, r score 148.3
Episode 4600, last 100 avg, bd score -147.3, r score 147.3
Episode 4700, last 100 avg, bd score -165.8, r score 165.8
Episode 4800, last 100 avg, bd score -155.7, r score 155.7
Episode 4900, last 100 avg, bd score -162.8, r score 162.8
R_a=0.001_b=0.001_g=0.99_t=0.01
Episode 0, last 100 avg, bd score -113.5, r score 113.5
Episode 100, last 100 avg, bd score -82.7, r score 82.7
Episode 200, last 100 avg, bd score -92.6, r score 92.6
Episode 300, last 100 avg, bd score -153.5, r score 153.5
Episode 400, last 100 avg, bd score -146.8, r score 146.8
Episode 500, last 100 avg, bd score -134.4, r score 134.4
Episode 600, last 100 avg, bd score -133.6, r score 133.6
Episode 700, last 100 avg, bd score -174.6, r score 174.6
Episode 800, last 100 avg, bd score -144.5, r score 144.5
Episode 900, last 100 avg, bd score -180.4, r score 180.4
Episode 1000, last 100 avg, bd score -173.2, r score 173.2
Episode 1100, last 100 avg, bd score -168.7, r score 168.7
Episode 1200, last 100 avg, bd score -180.3, r score 180.3
Episode 1300, last 100 avg, bd score -156.8, r score 156.8
Episode 1400, last 100 avg, bd score -160.0, r score 160.0
Episode 1500, last 100 avg, bd score -171.5, r score 171.5
Episode 1600, last 100 avg, bd score -139.4, r score 139.4
Episode 1700, last 100 avg, bd score -148.0, r score 148.0
Episode 1800, last 100 avg, bd score -160.3, r score 160.3
Episode 1900, last 100 avg, bd score -158.9, r score 158.9
Episode 2000, last 100 avg, bd score -168.3, r score 168.3
Episode 2100, last 100 avg, bd score -172.6, r score 172.6
Episode 2200, last 100 avg, bd score -189.0, r score 189.0
Episode 2300, last 100 avg, bd score -185.5, r score 185.5
Episode 2400, last 100 avg, bd score -187.0, r score 187.0
Episode 2500, last 100 avg, bd score -184.2, r score 184.2
Episode 2600, last 100 avg, bd score -186.9, r score 186.9
Episode 2700, last 100 avg, bd score -179.2, r score 179.2
Episode 2800, last 100 avg, bd score -153.3, r score 153.3
Episode 2900, last 100 avg, bd score -160.5, r score 160.5
Episode 3000, last 100 avg, bd score -142.1, r score 142.1
Episode 3100, last 100 avg, bd score -161.2, r score 161.2
Episode 3200, last 100 avg, bd score -139.5, r score 139.5
Episode 3300, last 100 avg, bd score -140.6, r score 140.6
Episode 3400, last 100 avg, bd score -163.3, r score 163.3
Episode 3500, last 100 avg, bd score -139.3, r score 139.3
Episode 3600, last 100 avg, bd score -147.3, r score 147.3
Episode 3700, last 100 avg, bd score -142.4, r score 142.4
Episode 3800, last 100 avg, bd score -140.5, r score 140.5
Episode 3900, last 100 avg, bd score -134.4, r score 134.4
Episode 4000, last 100 avg, bd score -125.3, r score 125.3
Episode 4100, last 100 avg, bd score -114.7, r score 114.7
Episode 4200, last 100 avg, bd score -116.7, r score 116.7
Episode 4300, last 100 avg, bd score -113.5, r score 113.5
Episode 4400, last 100 avg, bd score -110.6, r score 110.6
Episode 4500, last 100 avg, bd score -106.5, r score 106.5
Episode 4600, last 100 avg, bd score -92.2, r score 92.2
Episode 4700, last 100 avg, bd score -84.3, r score 84.3
Episode 4800, last 100 avg, bd score -96.2, r score 96.2
Episode 4900, last 100 avg, bd score -103.2, r score 103.2
R_a=0.001_b=0.0001_g=0.95_t=0.01
Episode 0, last 100 avg, bd score -238.7, r score 238.7
Episode 100, last 100 avg, bd score -105.2, r score 105.2
Episode 200, last 100 avg, bd score -108.8, r score 108.8
Episode 300, last 100 avg, bd score -134.8, r score 134.8
Episode 400, last 100 avg, bd score -131.8, r score 131.8
Episode 500, last 100 avg, bd score -157.4, r score 157.4
Episode 600, last 100 avg, bd score -146.0, r score 146.0
Episode 700, last 100 avg, bd score -147.3, r score 147.3
Episode 800, last 100 avg, bd score -153.1, r score 153.1
Episode 900, last 100 avg, bd score -156.1, r score 156.1
Episode 1000, last 100 avg, bd score -169.2, r score 169.2
Episode 1100, last 100 avg, bd score -145.1, r score 145.1
Episode 1200, last 100 avg, bd score -169.6, r score 169.6
Episode 1300, last 100 avg, bd score -157.2, r score 157.2
Episode 1400, last 100 avg, bd score -153.0, r score 153.0
Episode 1500, last 100 avg, bd score -148.5, r score 148.5
Episode 1600, last 100 avg, bd score -151.4, r score 151.4
Episode 1700, last 100 avg, bd score -153.4, r score 153.4
Episode 1800, last 100 avg, bd score -150.4, r score 150.4
Episode 1900, last 100 avg, bd score -162.7, r score 162.7
Episode 2000, last 100 avg, bd score -161.0, r score 161.0
Episode 2100, last 100 avg, bd score -169.8, r score 169.8
Episode 2200, last 100 avg, bd score -166.3, r score 166.3
Episode 2300, last 100 avg, bd score -152.2, r score 152.2
Episode 2400, last 100 avg, bd score -162.4, r score 162.4
Episode 2500, last 100 avg, bd score -150.7, r score 150.7
Episode 2600, last 100 avg, bd score -138.1, r score 138.1
Episode 2700, last 100 avg, bd score -152.3, r score 152.3
Episode 2800, last 100 avg, bd score -158.1, r score 158.1
Episode 2900, last 100 avg, bd score -158.1, r score 158.1
Episode 3000, last 100 avg, bd score -140.7, r score 140.7
Episode 3100, last 100 avg, bd score -166.3, r score 166.3
Episode 3200, last 100 avg, bd score -149.5, r score 149.5
Episode 3300, last 100 avg, bd score -145.6, r score 145.6
Episode 3400, last 100 avg, bd score -152.0, r score 152.0
Episode 3500, last 100 avg, bd score -138.5, r score 138.5
Episode 3600, last 100 avg, bd score -143.2, r score 143.2
Episode 3700, last 100 avg, bd score -134.6, r score 134.6
Episode 3800, last 100 avg, bd score -124.1, r score 124.1
Episode 3900, last 100 avg, bd score -133.6, r score 133.6
Episode 4000, last 100 avg, bd score -119.6, r score 119.6
Episode 4100, last 100 avg, bd score -134.0, r score 134.0
Episode 4200, last 100 avg, bd score -139.3, r score 139.3
Episode 4300, last 100 avg, bd score -144.1, r score 144.1
Episode 4400, last 100 avg, bd score -141.7, r score 141.7
Episode 4500, last 100 avg, bd score -138.3, r score 138.3
Episode 4600, last 100 avg, bd score -116.8, r score 116.8
Episode 4700, last 100 avg, bd score -133.8, r score 133.8
Episode 4800, last 100 avg, bd score -122.6, r score 122.6
Episode 4900, last 100 avg, bd score -131.6, r score 131.6
R_a=0.001_b=0.0001_g=0.99_t=0.01
Episode 0, last 100 avg, bd score -73.8, r score 73.8
Episode 100, last 100 avg, bd score -128.1, r score 128.1
Episode 200, last 100 avg, bd score -108.7, r score 108.7
Episode 300, last 100 avg, bd score -120.4, r score 120.4
Episode 400, last 100 avg, bd score -121.1, r score 121.1
Episode 500, last 100 avg, bd score -154.3, r score 154.3
Episode 600, last 100 avg, bd score -154.2, r score 154.2
Episode 700, last 100 avg, bd score -169.3, r score 169.3
Episode 800, last 100 avg, bd score -151.5, r score 151.5
Episode 900, last 100 avg, bd score -135.3, r score 135.3
Episode 1000, last 100 avg, bd score -141.4, r score 141.4
Episode 1100, last 100 avg, bd score -161.1, r score 161.1
Episode 1200, last 100 avg, bd score -155.4, r score 155.4
Episode 1300, last 100 avg, bd score -150.6, r score 150.6
Episode 1400, last 100 avg, bd score -154.8, r score 154.8
Episode 1500, last 100 avg, bd score -167.9, r score 167.9
Episode 1600, last 100 avg, bd score -167.5, r score 167.5
Episode 1700, last 100 avg, bd score -153.7, r score 153.7
Episode 1800, last 100 avg, bd score -171.4, r score 171.4
Episode 1900, last 100 avg, bd score -172.5, r score 172.5
Episode 2000, last 100 avg, bd score -151.0, r score 151.0
Episode 2100, last 100 avg, bd score -159.4, r score 159.4
Episode 2200, last 100 avg, bd score -157.6, r score 157.6
Episode 2300, last 100 avg, bd score -160.6, r score 160.6
Episode 2400, last 100 avg, bd score -153.8, r score 153.8
Episode 2500, last 100 avg, bd score -144.6, r score 144.6
Episode 2600, last 100 avg, bd score -158.0, r score 158.0
Episode 2700, last 100 avg, bd score -155.6, r score 155.6
Episode 2800, last 100 avg, bd score -148.5, r score 148.5
Episode 2900, last 100 avg, bd score -160.2, r score 160.2
Episode 3000, last 100 avg, bd score -143.9, r score 143.9
Episode 3100, last 100 avg, bd score -152.9, r score 152.9
Episode 3200, last 100 avg, bd score -151.6, r score 151.6
Episode 3300, last 100 avg, bd score -155.9, r score 155.9
Episode 3400, last 100 avg, bd score -155.5, r score 155.5
Episode 3500, last 100 avg, bd score -146.2, r score 146.2
Episode 3600, last 100 avg, bd score -158.7, r score 158.7
Episode 3700, last 100 avg, bd score -158.0, r score 158.0
Episode 3800, last 100 avg, bd score -156.7, r score 156.7
Episode 3900, last 100 avg, bd score -175.3, r score 175.3
Episode 4000, last 100 avg, bd score -157.8, r score 157.8
Episode 4100, last 100 avg, bd score -174.2, r score 174.2
Episode 4200, last 100 avg, bd score -152.1, r score 152.1
Episode 4300, last 100 avg, bd score -170.0, r score 170.0
Episode 4400, last 100 avg, bd score -155.8, r score 155.8
Episode 4500, last 100 avg, bd score -176.5, r score 176.5
Episode 4600, last 100 avg, bd score -159.1, r score 159.1
Episode 4700, last 100 avg, bd score -174.4, r score 174.4
Episode 4800, last 100 avg, bd score -176.7, r score 176.7
Episode 4900, last 100 avg, bd score -153.3, r score 153.3
R_a=0.0001_b=0.001_g=0.95_t=0.01
Episode 0, last 100 avg, bd score -64.8, r score 64.8
Episode 100, last 100 avg, bd score -109.2, r score 109.2
Episode 200, last 100 avg, bd score -128.9, r score 128.9
Episode 300, last 100 avg, bd score -137.6, r score 137.6
Episode 400, last 100 avg, bd score -137.7, r score 137.7
Episode 500, last 100 avg, bd score -129.0, r score 129.0
Episode 600, last 100 avg, bd score -131.5, r score 131.5
Episode 700, last 100 avg, bd score -136.4, r score 136.4
Episode 800, last 100 avg, bd score -146.4, r score 146.4
Episode 900, last 100 avg, bd score -148.6, r score 148.6
Episode 1000, last 100 avg, bd score -139.0, r score 139.0
Episode 1100, last 100 avg, bd score -126.0, r score 126.0
Episode 1200, last 100 avg, bd score -138.2, r score 138.2
Episode 1300, last 100 avg, bd score -134.0, r score 134.0
Episode 1400, last 100 avg, bd score -146.3, r score 146.3
Episode 1500, last 100 avg, bd score -153.4, r score 153.4
Episode 1600, last 100 avg, bd score -172.1, r score 172.1
Episode 1700, last 100 avg, bd score -154.0, r score 154.0
Episode 1800, last 100 avg, bd score -175.7, r score 175.7
Episode 1900, last 100 avg, bd score -176.7, r score 176.7
Episode 2000, last 100 avg, bd score -163.6, r score 163.6
Episode 2100, last 100 avg, bd score -149.1, r score 149.1
Episode 2200, last 100 avg, bd score -156.8, r score 156.8
Episode 2300, last 100 avg, bd score -168.6, r score 168.6
Episode 2400, last 100 avg, bd score -127.3, r score 127.3
Episode 2500, last 100 avg, bd score -158.7, r score 158.7
Episode 2600, last 100 avg, bd score -155.5, r score 155.5
Episode 2700, last 100 avg, bd score -183.6, r score 183.6
Episode 2800, last 100 avg, bd score -165.5, r score 165.5
Episode 2900, last 100 avg, bd score -152.8, r score 152.8
Episode 3000, last 100 avg, bd score -152.9, r score 152.9
Episode 3100, last 100 avg, bd score -144.8, r score 144.8
Episode 3200, last 100 avg, bd score -156.5, r score 156.5
Episode 3300, last 100 avg, bd score -163.6, r score 163.6
Episode 3400, last 100 avg, bd score -152.9, r score 152.9
Episode 3500, last 100 avg, bd score -144.7, r score 144.7
Episode 3600, last 100 avg, bd score -139.4, r score 139.4
Episode 3700, last 100 avg, bd score -142.1, r score 142.1
Episode 3800, last 100 avg, bd score -145.2, r score 145.2
Episode 3900, last 100 avg, bd score -130.9, r score 130.9
Episode 4000, last 100 avg, bd score -117.1, r score 117.1
Episode 4100, last 100 avg, bd score -155.2, r score 155.2
Episode 4200, last 100 avg, bd score -168.3, r score 168.3
Episode 4300, last 100 avg, bd score -173.6, r score 173.6
Episode 4400, last 100 avg, bd score -166.0, r score 166.0
Episode 4500, last 100 avg, bd score -153.6, r score 153.6
Episode 4600, last 100 avg, bd score -192.4, r score 192.4
Episode 4700, last 100 avg, bd score -144.7, r score 144.7
Episode 4800, last 100 avg, bd score -157.5, r score 157.5
Episode 4900, last 100 avg, bd score -177.2, r score 177.2
R_a=0.0001_b=0.001_g=0.99_t=0.01
Episode 0, last 100 avg, bd score -171.3, r score 171.3
Episode 100, last 100 avg, bd score -148.9, r score 148.9
Episode 200, last 100 avg, bd score -138.1, r score 138.1
Episode 300, last 100 avg, bd score -117.0, r score 117.0
Episode 400, last 100 avg, bd score -142.2, r score 142.2
Episode 500, last 100 avg, bd score -141.3, r score 141.3
Episode 600, last 100 avg, bd score -142.7, r score 142.7
Episode 700, last 100 avg, bd score -140.1, r score 140.1
Episode 800, last 100 avg, bd score -144.0, r score 144.0
Episode 900, last 100 avg, bd score -132.6, r score 132.6
Episode 1000, last 100 avg, bd score -124.0, r score 124.0
Episode 1100, last 100 avg, bd score -148.3, r score 148.3
Episode 1200, last 100 avg, bd score -144.1, r score 144.1
Episode 1300, last 100 avg, bd score -150.5, r score 150.5
Episode 1400, last 100 avg, bd score -151.8, r score 151.8
Episode 1500, last 100 avg, bd score -149.5, r score 149.5
Episode 1600, last 100 avg, bd score -126.3, r score 126.3
Episode 1700, last 100 avg, bd score -121.7, r score 121.7
Episode 1800, last 100 avg, bd score -127.0, r score 127.0
Episode 1900, last 100 avg, bd score -135.8, r score 135.8
Episode 2000, last 100 avg, bd score -147.4, r score 147.4
Episode 2100, last 100 avg, bd score -138.6, r score 138.6
Episode 2200, last 100 avg, bd score -135.6, r score 135.6
Episode 2300, last 100 avg, bd score -151.2, r score 151.2
Episode 2400, last 100 avg, bd score -151.1, r score 151.1
Episode 2500, last 100 avg, bd score -146.3, r score 146.3
Episode 2600, last 100 avg, bd score -157.4, r score 157.4
Episode 2700, last 100 avg, bd score -153.5, r score 153.5
Episode 2800, last 100 avg, bd score -132.5, r score 132.5
Episode 2900, last 100 avg, bd score -132.0, r score 132.0
Episode 3000, last 100 avg, bd score -136.6, r score 136.6
Episode 3100, last 100 avg, bd score -121.0, r score 121.0
Episode 3200, last 100 avg, bd score -124.7, r score 124.7
Episode 3300, last 100 avg, bd score -126.1, r score 126.1
Episode 3400, last 100 avg, bd score -114.8, r score 114.8
Episode 3500, last 100 avg, bd score -92.5, r score 92.5
Episode 3600, last 100 avg, bd score -102.5, r score 102.5
Episode 3700, last 100 avg, bd score -116.5, r score 116.5
Episode 3800, last 100 avg, bd score -119.5, r score 119.5
Episode 3900, last 100 avg, bd score -115.8, r score 115.8
Episode 4000, last 100 avg, bd score -114.2, r score 114.2
Episode 4100, last 100 avg, bd score -113.7, r score 113.7
Episode 4200, last 100 avg, bd score -124.0, r score 124.0
Episode 4300, last 100 avg, bd score -120.5, r score 120.5
Episode 4400, last 100 avg, bd score -129.8, r score 129.8
Episode 4500, last 100 avg, bd score -113.8, r score 113.8
Episode 4600, last 100 avg, bd score -120.2, r score 120.2
Episode 4700, last 100 avg, bd score -117.7, r score 117.7
Episode 4800, last 100 avg, bd score -118.1, r score 118.1
Episode 4900, last 100 avg, bd score -119.3, r score 119.3
R_a=0.0001_b=0.0001_g=0.95_t=0.01
Episode 0, last 100 avg, bd score -51.1, r score 51.1
Episode 100, last 100 avg, bd score -113.8, r score 113.8
Episode 200, last 100 avg, bd score -143.4, r score 143.4
Episode 300, last 100 avg, bd score -127.6, r score 127.6
Episode 400, last 100 avg, bd score -140.6, r score 140.6
Episode 500, last 100 avg, bd score -126.2, r score 126.2
Episode 600, last 100 avg, bd score -156.4, r score 156.4
Episode 700, last 100 avg, bd score -147.4, r score 147.4
Episode 800, last 100 avg, bd score -141.8, r score 141.8
Episode 900, last 100 avg, bd score -160.2, r score 160.2
Episode 1000, last 100 avg, bd score -162.1, r score 162.1
Episode 1100, last 100 avg, bd score -171.5, r score 171.5
Episode 1200, last 100 avg, bd score -191.1, r score 191.1
Episode 1300, last 100 avg, bd score -137.1, r score 137.1
Episode 1400, last 100 avg, bd score -114.3, r score 114.3
Episode 1500, last 100 avg, bd score -134.4, r score 134.4
Episode 1600, last 100 avg, bd score -91.5, r score 91.5
Episode 1700, last 100 avg, bd score -101.9, r score 101.9
Episode 1800, last 100 avg, bd score -103.2, r score 103.2
Episode 1900, last 100 avg, bd score -108.6, r score 108.6
Episode 2000, last 100 avg, bd score -120.8, r score 120.8
Episode 2100, last 100 avg, bd score -99.1, r score 99.1
Episode 2200, last 100 avg, bd score -91.6, r score 91.6
Episode 2300, last 100 avg, bd score -140.6, r score 140.6
Episode 2400, last 100 avg, bd score -131.9, r score 131.9
Episode 2500, last 100 avg, bd score -138.7, r score 138.7
Episode 2600, last 100 avg, bd score -138.6, r score 138.6
Episode 2700, last 100 avg, bd score -140.2, r score 140.2
Episode 2800, last 100 avg, bd score -140.9, r score 140.9
Episode 2900, last 100 avg, bd score -129.2, r score 129.2
Episode 3000, last 100 avg, bd score -121.7, r score 121.7
Episode 3100, last 100 avg, bd score -156.4, r score 156.4
Episode 3200, last 100 avg, bd score -146.0, r score 146.0
Episode 3300, last 100 avg, bd score -149.0, r score 149.0
Episode 3400, last 100 avg, bd score -129.9, r score 129.9
Episode 3500, last 100 avg, bd score -127.4, r score 127.4
Episode 3600, last 100 avg, bd score -135.5, r score 135.5
Episode 3700, last 100 avg, bd score -139.1, r score 139.1
Episode 3800, last 100 avg, bd score -127.6, r score 127.6
Episode 3900, last 100 avg, bd score -122.6, r score 122.6
Episode 4000, last 100 avg, bd score -159.0, r score 159.0
Episode 4100, last 100 avg, bd score -151.5, r score 151.5
Episode 4200, last 100 avg, bd score -125.7, r score 125.7
Episode 4300, last 100 avg, bd score -134.8, r score 134.8
Episode 4400, last 100 avg, bd score -137.8, r score 137.8
Episode 4500, last 100 avg, bd score -136.4, r score 136.4
Episode 4600, last 100 avg, bd score -128.9, r score 128.9
Episode 4700, last 100 avg, bd score -126.1, r score 126.1
Episode 4800, last 100 avg, bd score -129.6, r score 129.6
Episode 4900, last 100 avg, bd score -149.9, r score 149.9
R_a=0.0001_b=0.0001_g=0.99_t=0.01
Episode 0, last 100 avg, bd score -153.9, r score 153.9
Episode 100, last 100 avg, bd score -148.7, r score 148.7
Episode 200, last 100 avg, bd score -153.3, r score 153.3
Episode 300, last 100 avg, bd score -124.1, r score 124.1
Episode 400, last 100 avg, bd score -131.5, r score 131.5
Episode 500, last 100 avg, bd score -147.0, r score 147.0
Episode 600, last 100 avg, bd score -157.0, r score 157.0
Episode 700, last 100 avg, bd score -162.4, r score 162.4
Episode 800, last 100 avg, bd score -163.1, r score 163.1
Episode 900, last 100 avg, bd score -157.9, r score 157.9
Episode 1000, last 100 avg, bd score -134.0, r score 134.0
Episode 1100, last 100 avg, bd score -136.7, r score 136.7
Episode 1200, last 100 avg, bd score -138.0, r score 138.0
Episode 1300, last 100 avg, bd score -139.8, r score 139.8
Episode 1400, last 100 avg, bd score -125.0, r score 125.0
Episode 1500, last 100 avg, bd score -133.8, r score 133.8
Episode 1600, last 100 avg, bd score -142.7, r score 142.7
Episode 1700, last 100 avg, bd score -137.2, r score 137.2
Episode 1800, last 100 avg, bd score -125.1, r score 125.1
Episode 1900, last 100 avg, bd score -132.6, r score 132.6
Episode 2000, last 100 avg, bd score -135.1, r score 135.1
Episode 2100, last 100 avg, bd score -131.0, r score 131.0
Episode 2200, last 100 avg, bd score -130.1, r score 130.1
Episode 2300, last 100 avg, bd score -134.0, r score 134.0
Episode 2400, last 100 avg, bd score -132.3, r score 132.3
Episode 2500, last 100 avg, bd score -152.3, r score 152.3
Episode 2600, last 100 avg, bd score -139.4, r score 139.4
Episode 2700, last 100 avg, bd score -147.2, r score 147.2
Episode 2800, last 100 avg, bd score -124.1, r score 124.1
Episode 2900, last 100 avg, bd score -137.4, r score 137.4
Episode 3000, last 100 avg, bd score -150.8, r score 150.8
Episode 3100, last 100 avg, bd score -147.2, r score 147.2
Episode 3200, last 100 avg, bd score -154.4, r score 154.4
Episode 3300, last 100 avg, bd score -139.8, r score 139.8
Episode 3400, last 100 avg, bd score -152.6, r score 152.6
Episode 3500, last 100 avg, bd score -153.1, r score 153.1
Episode 3600, last 100 avg, bd score -143.6, r score 143.6
Episode 3700, last 100 avg, bd score -139.2, r score 139.2
Episode 3800, last 100 avg, bd score -159.3, r score 159.3
Episode 3900, last 100 avg, bd score -149.7, r score 149.7
Episode 4000, last 100 avg, bd score -137.2, r score 137.2
Episode 4100, last 100 avg, bd score -130.0, r score 130.0
Episode 4200, last 100 avg, bd score -142.4, r score 142.4
Episode 4300, last 100 avg, bd score -142.6, r score 142.6
Episode 4400, last 100 avg, bd score -128.3, r score 128.3
Episode 4500, last 100 avg, bd score -135.9, r score 135.9
Episode 4600, last 100 avg, bd score -133.2, r score 133.2
Episode 4700, last 100 avg, bd score -137.8, r score 137.8
Episode 4800, last 100 avg, bd score -131.8, r score 131.8
Episode 4900, last 100 avg, bd score -132.2, r score 132.2
